This is pdfTeX, Version 3.141592653-2.6-1.40.22 (TeX Live 2022/dev/Debian) (preloaded format=pdflatex 2024.8.13)  11 OCT 2024 10:50
entering extended mode
 restricted \write18 enabled.
 %&-line parsing enabled.
**Thesis.tex
(./Thesis.tex
LaTeX2e <2021-11-15> patch level 1
L3 programming layer <2022-01-21>
(/usr/share/texlive/texmf-dist/tex/latex/sapthesis/sapthesis.cls
Document Class: sapthesis 2022/01/01 Sapienza University of Rome thesis class
(/usr/share/texlive/texmf-dist/tex/latex/xkeyval/xkeyval.sty
Package: xkeyval 2020/11/20 v2.8 package option processing (HA)

(/usr/share/texlive/texmf-dist/tex/generic/xkeyval/xkeyval.tex
(/usr/share/texlive/texmf-dist/tex/generic/xkeyval/xkvutils.tex
\XKV@toks=\toks16
\XKV@tempa@toks=\toks17

(/usr/share/texlive/texmf-dist/tex/generic/xkeyval/keyval.tex))
\XKV@depth=\count185
File: xkeyval.tex 2014/12/03 v2.7a key=value parser (HA)
))
\SAP@binding=\skip47

(/usr/share/texlive/texmf-dist/tex/latex/base/book.cls
Document Class: book 2021/10/04 v1.4n Standard LaTeX document class
(/usr/share/texlive/texmf-dist/tex/latex/base/bk11.clo
File: bk11.clo 2021/10/04 v1.4n Standard LaTeX file (size option)
)
\c@part=\count186
\c@chapter=\count187
\c@section=\count188
\c@subsection=\count189
\c@subsubsection=\count190
\c@paragraph=\count191
\c@subparagraph=\count192
\c@figure=\count193
\c@table=\count194
\abovecaptionskip=\skip48
\belowcaptionskip=\skip49
\bibindent=\dimen138
)
(/usr/share/texlive/texmf-dist/tex/latex/geometry/geometry.sty
Package: geometry 2020/01/02 v5.9 Page Geometry

(/usr/share/texlive/texmf-dist/tex/generic/iftex/ifvtex.sty
Package: ifvtex 2019/10/25 v1.7 ifvtex legacy package. Use iftex instead.

(/usr/share/texlive/texmf-dist/tex/generic/iftex/iftex.sty
Package: iftex 2020/03/06 v1.0d TeX engine tests
))
\Gm@cnth=\count195
\Gm@cntv=\count196
\c@Gm@tempcnt=\count197
\Gm@bindingoffset=\dimen139
\Gm@wd@mp=\dimen140
\Gm@odd@mp=\dimen141
\Gm@even@mp=\dimen142
\Gm@layoutwidth=\dimen143
\Gm@layoutheight=\dimen144
\Gm@layouthoffset=\dimen145
\Gm@layoutvoffset=\dimen146
\Gm@dimlist=\toks18
)
(/usr/share/texlive/texmf-dist/tex/generic/iftex/ifxetex.sty
Package: ifxetex 2019/10/25 v0.7 ifxetex legacy package. Use iftex instead.
)
(/usr/share/texlive/texmf-dist/tex/latex/base/fontenc.sty
Package: fontenc 2021/04/29 v2.0v Standard LaTeX package
)
(/usr/share/texlive/texmf-dist/tex/latex/base/textcomp.sty
Package: textcomp 2020/02/02 v2.0n Standard LaTeX package
)
(/usr/share/texmf/tex/latex/lm/lmodern.sty
Package: lmodern 2009/10/30 v1.6 Latin Modern Fonts
LaTeX Font Info:    Overwriting symbol font `operators' in version `normal'
(Font)                  OT1/cmr/m/n --> OT1/lmr/m/n on input line 22.
LaTeX Font Info:    Overwriting symbol font `letters' in version `normal'
(Font)                  OML/cmm/m/it --> OML/lmm/m/it on input line 23.
LaTeX Font Info:    Overwriting symbol font `symbols' in version `normal'
(Font)                  OMS/cmsy/m/n --> OMS/lmsy/m/n on input line 24.
LaTeX Font Info:    Overwriting symbol font `largesymbols' in version `normal'
(Font)                  OMX/cmex/m/n --> OMX/lmex/m/n on input line 25.
LaTeX Font Info:    Overwriting symbol font `operators' in version `bold'
(Font)                  OT1/cmr/bx/n --> OT1/lmr/bx/n on input line 26.
LaTeX Font Info:    Overwriting symbol font `letters' in version `bold'
(Font)                  OML/cmm/b/it --> OML/lmm/b/it on input line 27.
LaTeX Font Info:    Overwriting symbol font `symbols' in version `bold'
(Font)                  OMS/cmsy/b/n --> OMS/lmsy/b/n on input line 28.
LaTeX Font Info:    Overwriting symbol font `largesymbols' in version `bold'
(Font)                  OMX/cmex/m/n --> OMX/lmex/m/n on input line 29.
LaTeX Font Info:    Overwriting math alphabet `\mathbf' in version `normal'
(Font)                  OT1/cmr/bx/n --> OT1/lmr/bx/n on input line 31.
LaTeX Font Info:    Overwriting math alphabet `\mathsf' in version `normal'
(Font)                  OT1/cmss/m/n --> OT1/lmss/m/n on input line 32.
LaTeX Font Info:    Overwriting math alphabet `\mathit' in version `normal'
(Font)                  OT1/cmr/m/it --> OT1/lmr/m/it on input line 33.
LaTeX Font Info:    Overwriting math alphabet `\mathtt' in version `normal'
(Font)                  OT1/cmtt/m/n --> OT1/lmtt/m/n on input line 34.
LaTeX Font Info:    Overwriting math alphabet `\mathbf' in version `bold'
(Font)                  OT1/cmr/bx/n --> OT1/lmr/bx/n on input line 35.
LaTeX Font Info:    Overwriting math alphabet `\mathsf' in version `bold'
(Font)                  OT1/cmss/bx/n --> OT1/lmss/bx/n on input line 36.
LaTeX Font Info:    Overwriting math alphabet `\mathit' in version `bold'
(Font)                  OT1/cmr/bx/it --> OT1/lmr/bx/it on input line 37.
LaTeX Font Info:    Overwriting math alphabet `\mathtt' in version `bold'
(Font)                  OT1/cmtt/m/n --> OT1/lmtt/m/n on input line 38.
)
(/usr/share/texlive/texmf-dist/tex/latex/caption/caption.sty
Package: caption 2020/10/26 v3.5g Customizing captions (AR)

(/usr/share/texlive/texmf-dist/tex/latex/caption/caption3.sty
Package: caption3 2020/10/21 v2.2e caption3 kernel (AR)
\captionmargin=\dimen147
\captionmargin@=\dimen148
\captionwidth=\dimen149
\caption@tempdima=\dimen150
\caption@indent=\dimen151
\caption@parindent=\dimen152
\caption@hangindent=\dimen153
Package caption Info: Standard document class detected.
)
\c@caption@flags=\count198
\c@continuedfloat=\count199
)
(/usr/share/texlive/texmf-dist/tex/latex/graphics/graphicx.sty
Package: graphicx 2021/09/16 v1.2d Enhanced LaTeX Graphics (DPC,SPQR)

(/usr/share/texlive/texmf-dist/tex/latex/graphics/graphics.sty
Package: graphics 2021/03/04 v1.4d Standard LaTeX Graphics (DPC,SPQR)

(/usr/share/texlive/texmf-dist/tex/latex/graphics/trig.sty
Package: trig 2021/08/11 v1.11 sin cos tan (DPC)
)
(/usr/share/texlive/texmf-dist/tex/latex/graphics-cfg/graphics.cfg
File: graphics.cfg 2016/06/04 v1.11 sample graphics configuration
)
Package graphics Info: Driver file: pdftex.def on input line 107.

(/usr/share/texlive/texmf-dist/tex/latex/graphics-def/pdftex.def
File: pdftex.def 2020/10/05 v1.2a Graphics/color driver for pdftex
))
\Gin@req@height=\dimen154
\Gin@req@width=\dimen155
)
(/usr/share/texlive/texmf-dist/tex/latex/graphics/color.sty
Package: color 2021/12/07 v1.3c Standard LaTeX Color (DPC)

(/usr/share/texlive/texmf-dist/tex/latex/graphics-cfg/color.cfg
File: color.cfg 2016/01/02 v1.6 sample color configuration
)
Package color Info: Driver file: pdftex.def on input line 149.
)
(/usr/share/texlive/texmf-dist/tex/latex/booktabs/booktabs.sty
Package: booktabs 2020/01/12 v1.61803398 Publication quality tables
\heavyrulewidth=\dimen156
\lightrulewidth=\dimen157
\cmidrulewidth=\dimen158
\belowrulesep=\dimen159
\belowbottomsep=\dimen160
\aboverulesep=\dimen161
\abovetopsep=\dimen162
\cmidrulesep=\dimen163
\cmidrulekern=\dimen164
\defaultaddspace=\dimen165
\@cmidla=\count266
\@cmidlb=\count267
\@aboverulesep=\dimen166
\@belowrulesep=\dimen167
\@thisruleclass=\count268
\@lastruleclass=\count269
\@thisrulewidth=\dimen168
)
(/usr/share/texlive/texmf-dist/tex/latex/amsmath/amsmath.sty
Package: amsmath 2021/10/15 v2.17l AMS math features
\@mathmargin=\skip50

For additional information on amsmath, use the `?' option.
(/usr/share/texlive/texmf-dist/tex/latex/amsmath/amstext.sty
Package: amstext 2021/08/26 v2.01 AMS text

(/usr/share/texlive/texmf-dist/tex/latex/amsmath/amsgen.sty
File: amsgen.sty 1999/11/30 v2.0 generic functions
\@emptytoks=\toks19
\ex@=\dimen169
))
(/usr/share/texlive/texmf-dist/tex/latex/amsmath/amsbsy.sty
Package: amsbsy 1999/11/29 v1.2d Bold Symbols
\pmbraise@=\dimen170
)
(/usr/share/texlive/texmf-dist/tex/latex/amsmath/amsopn.sty
Package: amsopn 2021/08/26 v2.02 operator names
)
\inf@bad=\count270
LaTeX Info: Redefining \frac on input line 234.
\uproot@=\count271
\leftroot@=\count272
LaTeX Info: Redefining \overline on input line 399.
\classnum@=\count273
\DOTSCASE@=\count274
LaTeX Info: Redefining \ldots on input line 496.
LaTeX Info: Redefining \dots on input line 499.
LaTeX Info: Redefining \cdots on input line 620.
\Mathstrutbox@=\box50
\strutbox@=\box51
\big@size=\dimen171
LaTeX Font Info:    Redeclaring font encoding OML on input line 743.
LaTeX Font Info:    Redeclaring font encoding OMS on input line 744.
\macc@depth=\count275
\c@MaxMatrixCols=\count276
\dotsspace@=\muskip16
\c@parentequation=\count277
\dspbrk@lvl=\count278
\tag@help=\toks20
\row@=\count279
\column@=\count280
\maxfields@=\count281
\andhelp@=\toks21
\eqnshift@=\dimen172
\alignsep@=\dimen173
\tagshift@=\dimen174
\tagwidth@=\dimen175
\totwidth@=\dimen176
\lineht@=\dimen177
\@envbody=\toks22
\multlinegap=\skip51
\multlinetaggap=\skip52
\mathdisplay@stack=\toks23
LaTeX Info: Redefining \[ on input line 2938.
LaTeX Info: Redefining \] on input line 2939.
)
(/usr/share/texlive/texmf-dist/tex/latex/etoolbox/etoolbox.sty
Package: etoolbox 2020/10/05 v2.5k e-TeX tools for LaTeX (JAW)
\etb@tempcnta=\count282
)
(/usr/share/texlive/texmf-dist/tex/latex/fancyhdr/fancyhdr.sty
Package: fancyhdr 2021/01/28 v4.0.1 Extensive control of page headers and foote
rs
\f@nch@headwidth=\skip53
\f@nch@O@elh=\skip54
\f@nch@O@erh=\skip55
\f@nch@O@olh=\skip56
\f@nch@O@orh=\skip57
\f@nch@O@elf=\skip58
\f@nch@O@erf=\skip59
\f@nch@O@olf=\skip60
\f@nch@O@orf=\skip61
)
\SAP@advisorcount=\count283
\SAP@advisortoks=\toks24
\SAP@coadvisorcount=\count284
\SAP@coadvisortoks=\toks25
\SAP@reviewercount=\count285
\SAP@reviewertoks=\toks26
\SAP@directorcount=\count286
\SAP@directortoks=\toks27
\SAP@examinercount=\count287
\SAP@examinertoks=\toks28
)
(/usr/share/texlive/texmf-dist/tex/generic/babel/babel.sty
Package: babel 2022/01/26 3.70 The Babel package
\babel@savecnt=\count288
\U@D=\dimen178
\l@unhyphenated=\language9

(/usr/share/texlive/texmf-dist/tex/generic/babel/txtbabel.def)
\bbl@readstream=\read2
\bbl@dirlevel=\count289

(/usr/share/texlive/texmf-dist/tex/generic/babel-english/english.ldf
Language: english 2017/06/06 v3.3r English support from the babel system
Package babel Info: Hyphen rules for 'canadian' set to \l@english
(babel)             (\language0). Reported on input line 102.
Package babel Info: Hyphen rules for 'australian' set to \l@ukenglish
(babel)             (\language3). Reported on input line 105.
Package babel Info: Hyphen rules for 'newzealand' set to \l@ukenglish
(babel)             (\language3). Reported on input line 108.
))
(/usr/share/texlive/texmf-dist/tex/latex/base/inputenc.sty
Package: inputenc 2021/02/14 v1.3d Input encoding file
\inpenc@prehook=\toks29
\inpenc@posthook=\toks30
)
(/usr/share/texlive/texmf-dist/tex/latex/imakeidx/imakeidx.sty
Package: imakeidx 2016/10/15 v1.3e Package for typesetting indices in a synchro
nous mode

(/usr/share/texlive/texmf-dist/tex/generic/iftex/ifluatex.sty
Package: ifluatex 2019/10/25 v1.5 ifluatex legacy package. Use iftex instead.
)
(/usr/share/texlive/texmf-dist/tex/latex/tools/multicol.sty
Package: multicol 2021/10/28 v1.9b multicolumn formatting (FMi)
\c@tracingmulticols=\count290
\mult@box=\box52
\multicol@leftmargin=\dimen179
\c@unbalance=\count291
\c@collectmore=\count292
\doublecol@number=\count293
\multicoltolerance=\count294
\multicolpretolerance=\count295
\full@width=\dimen180
\page@free=\dimen181
\premulticols=\dimen182
\postmulticols=\dimen183
\multicolsep=\skip62
\multicolbaselineskip=\skip63
\partial@page=\box53
\last@line=\box54
\maxbalancingoverflow=\dimen184
\mult@rightbox=\box55
\mult@grightbox=\box56
\mult@firstbox=\box57
\mult@gfirstbox=\box58
\@tempa=\box59
\@tempa=\box60
\@tempa=\box61
\@tempa=\box62
\@tempa=\box63
\@tempa=\box64
\@tempa=\box65
\@tempa=\box66
\@tempa=\box67
\@tempa=\box68
\@tempa=\box69
\@tempa=\box70
\@tempa=\box71
\@tempa=\box72
\@tempa=\box73
\@tempa=\box74
\@tempa=\box75
\@tempa=\box76
\@tempa=\box77
\@tempa=\box78
\@tempa=\box79
\@tempa=\box80
\@tempa=\box81
\@tempa=\box82
\@tempa=\box83
\@tempa=\box84
\@tempa=\box85
\@tempa=\box86
\@tempa=\box87
\@tempa=\box88
\@tempa=\box89
\@tempa=\box90
\@tempa=\box91
\@tempa=\box92
\@tempa=\box93
\@tempa=\box94
\c@minrows=\count296
\c@columnbadness=\count297
\c@finalcolumnbadness=\count298
\last@try=\dimen185
\multicolovershoot=\dimen186
\multicolundershoot=\dimen187
\mult@nat@firstbox=\box95
\colbreak@box=\box96
\mc@col@check@num=\count299
))
(/usr/share/texlive/texmf-dist/tex/latex/glossaries/base/glossaries.sty
Package: glossaries 2021/11/01 v4.49 (NLCT)

(/usr/share/texlive/texmf-dist/tex/latex/base/ifthen.sty
Package: ifthen 2020/11/24 v1.1c Standard LaTeX ifthen package (DPC)
)
(/usr/share/texlive/texmf-dist/tex/latex/mfirstuc/mfirstuc.sty
Package: mfirstuc 2021/10/15 v2.07 (NLCT)
\@glsmfirst=\toks31
\@glsmrest=\toks32
)
(/usr/share/texlive/texmf-dist/tex/latex/textcase/textcase.sty
Package: textcase 2019/09/14 v1.00 Text only upper/lower case changing (DPC)
)
(/usr/share/texlive/texmf-dist/tex/latex/xfor/xfor.sty
Package: xfor 2009/02/05 v1.05 (NLCT)
)
(/usr/share/texlive/texmf-dist/tex/latex/datatool/datatool-base.sty
Package: datatool-base 2019/09/27 v2.32 (NLCT)

(/usr/share/texlive/texmf-dist/tex/latex/substr/substr.sty
Package: substr 2009/10/20 v1.2 Handle substrings
\c@su@anzahl=\count300
)
(/usr/share/texlive/texmf-dist/tex/latex/datatool/datatool-fp.sty
Package: datatool-fp 2019/09/27 v2.32 (NLCT)

(/usr/share/texlive/texmf-dist/tex/latex/fp/fp.sty
Package: fp 1995/04/02

`Fixed Point Package', Version 0.8, April 2, 1995 (C) Michael Mehlich
(/usr/share/texlive/texmf-dist/tex/latex/fp/defpattern.sty
Package: defpattern 1994/10/12
\actioncount=\count301
)
(/usr/share/texlive/texmf-dist/tex/latex/fp/fp-basic.sty
Package: fp-basic 1996/05/13
\FP@xs=\count302
\FP@xia=\count303
\FP@xib=\count304
\FP@xfa=\count305
\FP@xfb=\count306
\FP@rega=\count307
\FP@regb=\count308
\FP@regs=\count309
\FP@times=\count310
)
(/usr/share/texlive/texmf-dist/tex/latex/fp/fp-addons.sty
Package: fp-addons 1995/03/15
)
(/usr/share/texlive/texmf-dist/tex/latex/fp/fp-snap.sty
Package: fp-snap 1995/04/05
)
(/usr/share/texlive/texmf-dist/tex/latex/fp/fp-exp.sty
Package: fp-exp 1995/04/03
)
(/usr/share/texlive/texmf-dist/tex/latex/fp/fp-trigo.sty
Package: fp-trigo 1995/04/14
)
(/usr/share/texlive/texmf-dist/tex/latex/fp/fp-pas.sty
Package: fp-pas 1994/08/29
)
(/usr/share/texlive/texmf-dist/tex/latex/fp/fp-random.sty
Package: fp-random 1995/02/23
\FPseed=\count311
)
(/usr/share/texlive/texmf-dist/tex/latex/fp/fp-eqn.sty
Package: fp-eqn 1995/04/03
)
(/usr/share/texlive/texmf-dist/tex/latex/fp/fp-upn.sty
Package: fp-upn 1996/10/21
)
(/usr/share/texlive/texmf-dist/tex/latex/fp/fp-eval.sty
Package: fp-eval 1995/04/03
)))
\@dtl@toks=\toks33
\@dtl@tmpcount=\count312
\dtl@tmplength=\skip64
\dtl@sortresult=\count313
\@dtl@numgrpsepcount=\count314
\@dtl@datatype=\count315
\dtl@codeA=\count316
\dtl@codeB=\count317
\@dtl@foreach@level=\count318
)
(/usr/share/texlive/texmf-dist/tex/latex/glossaries/base/glossaries-compatible-
307.sty
Package: glossaries-compatible-307 2021/11/01 v4.49 (NLCT)
) (/usr/share/texlive/texmf-dist/tex/latex/tracklang/tracklang.sty
Package: tracklang 2020/06/30 v1.5 (NLCT) Track Languages

(/usr/share/texlive/texmf-dist/tex/generic/tracklang/tracklang.tex))
(/usr/share/texlive/texmf-dist/tex/latex/translator/translator.sty
Package: translator 2021-05-31 v1.12d Easy translation of strings in LaTeX
)
(/usr/share/texlive/texmf-dist/tex/latex/glossaries-english/glossaries-english.
ldf
File: glossaries-english.ldf 2014/11/23 v1.0
)
\gls@level=\count319
\@gls@tmpb=\toks34
\gls@tmplen=\skip65
\glskeylisttok=\toks35
\glslabeltok=\toks36
\glsshorttok=\toks37
\glslongtok=\toks38

(/usr/share/texlive/texmf-dist/tex/latex/glossaries/styles/glossary-hypernav.st
y
Package: glossary-hypernav 2021/11/01 v4.49 (NLCT)
) (/usr/share/texlive/texmf-dist/tex/latex/glossaries/styles/glossary-list.sty
Package: glossary-list 2021/11/01 v4.49 (NLCT)
\glslistdottedwidth=\skip66
) (/usr/share/texlive/texmf-dist/tex/latex/glossaries/styles/glossary-long.sty
Package: glossary-long 2021/11/01 v4.49 (NLCT)

(/usr/share/texlive/texmf-dist/tex/latex/tools/longtable.sty
Package: longtable 2021-09-01 v4.17 Multi-page Table package (DPC)
\LTleft=\skip67
\LTright=\skip68
\LTpre=\skip69
\LTpost=\skip70
\LTchunksize=\count320
\LTcapwidth=\dimen188
\LT@head=\box97
\LT@firsthead=\box98
\LT@foot=\box99
\LT@lastfoot=\box100
\LT@gbox=\box101
\LT@cols=\count321
\LT@rows=\count322
\c@LT@tables=\count323
\c@LT@chunks=\count324
\LT@p@ftn=\toks39
)
\glsdescwidth=\skip71
\glspagelistwidth=\skip72
)
(/usr/share/texlive/texmf-dist/tex/latex/glossaries/styles/glossary-super.sty
Package: glossary-super 2021/11/01 v4.49 (NLCT)

(/usr/share/texlive/texmf-dist/tex/latex/supertabular/supertabular.sty
Package: supertabular 2020/02/02 v4.1g the supertabular environment
\c@tracingst=\count325
\ST@wd=\dimen189
\ST@rightskip=\skip73
\ST@leftskip=\skip74
\ST@parfillskip=\skip75
\ST@pageleft=\dimen190
\ST@headht=\dimen191
\ST@tailht=\dimen192
\ST@pagesofar=\dimen193
\ST@pboxht=\dimen194
\ST@lineht=\dimen195
\ST@prevht=\dimen196
\ST@toadd=\dimen197
\ST@dimen=\dimen198
\ST@pbox=\box102
))
(/usr/share/texlive/texmf-dist/tex/latex/glossaries/styles/glossary-tree.sty
Package: glossary-tree 2021/11/01 v4.49 (NLCT)
\glstreeindent=\skip76
))
(/usr/share/texlive/texmf-dist/tex/latex/appendix/appendix.sty
Package: appendix 2020/02/08 v1.2c extra appendix facilities
\c@@pps=\count326
\c@@ppsavesec=\count327
\c@@ppsaveapp=\count328
)
(/usr/share/texlive/texmf-dist/tex/latex/hyperref/hyperref.sty
Package: hyperref 2021-06-07 v7.00m Hypertext links for LaTeX

(/usr/share/texlive/texmf-dist/tex/generic/ltxcmds/ltxcmds.sty
Package: ltxcmds 2020-05-10 v1.25 LaTeX kernel commands for general use (HO)
)
(/usr/share/texlive/texmf-dist/tex/generic/pdftexcmds/pdftexcmds.sty
Package: pdftexcmds 2020-06-27 v0.33 Utility functions of pdfTeX for LuaTeX (HO
)

(/usr/share/texlive/texmf-dist/tex/generic/infwarerr/infwarerr.sty
Package: infwarerr 2019/12/03 v1.5 Providing info/warning/error messages (HO)
)
Package pdftexcmds Info: \pdf@primitive is available.
Package pdftexcmds Info: \pdf@ifprimitive is available.
Package pdftexcmds Info: \pdfdraftmode found.
)
(/usr/share/texlive/texmf-dist/tex/generic/kvsetkeys/kvsetkeys.sty
Package: kvsetkeys 2019/12/15 v1.18 Key value parser (HO)
)
(/usr/share/texlive/texmf-dist/tex/generic/kvdefinekeys/kvdefinekeys.sty
Package: kvdefinekeys 2019-12-19 v1.6 Define keys (HO)
)
(/usr/share/texlive/texmf-dist/tex/generic/pdfescape/pdfescape.sty
Package: pdfescape 2019/12/09 v1.15 Implements pdfTeX's escape features (HO)
)
(/usr/share/texlive/texmf-dist/tex/latex/hycolor/hycolor.sty
Package: hycolor 2020-01-27 v1.10 Color options for hyperref/bookmark (HO)
)
(/usr/share/texlive/texmf-dist/tex/latex/letltxmacro/letltxmacro.sty
Package: letltxmacro 2019/12/03 v1.6 Let assignment for LaTeX macros (HO)
)
(/usr/share/texlive/texmf-dist/tex/latex/auxhook/auxhook.sty
Package: auxhook 2019-12-17 v1.6 Hooks for auxiliary files (HO)
)
(/usr/share/texlive/texmf-dist/tex/latex/kvoptions/kvoptions.sty
Package: kvoptions 2020-10-07 v3.14 Key value format for package options (HO)
)
\@linkdim=\dimen199
\Hy@linkcounter=\count329
\Hy@pagecounter=\count330

(/usr/share/texlive/texmf-dist/tex/latex/hyperref/pd1enc.def
File: pd1enc.def 2021-06-07 v7.00m Hyperref: PDFDocEncoding definition (HO)
Now handling font encoding PD1 ...
... no UTF-8 mapping file for font encoding PD1
)
(/usr/share/texlive/texmf-dist/tex/latex/hyperref/hyperref-langpatches.def
File: hyperref-langpatches.def 2021-06-07 v7.00m Hyperref: patches for babel la
nguages
)
(/usr/share/texlive/texmf-dist/tex/generic/intcalc/intcalc.sty
Package: intcalc 2019/12/15 v1.3 Expandable calculations with integers (HO)
)
(/usr/share/texlive/texmf-dist/tex/generic/etexcmds/etexcmds.sty
Package: etexcmds 2019/12/15 v1.7 Avoid name clashes with e-TeX commands (HO)
)
\Hy@SavedSpaceFactor=\count331

(/usr/share/texlive/texmf-dist/tex/latex/hyperref/puenc.def
File: puenc.def 2021-06-07 v7.00m Hyperref: PDF Unicode definition (HO)
Now handling font encoding PU ...
... no UTF-8 mapping file for font encoding PU
)
Package hyperref Info: Option `colorlinks' set `true' on input line 4073.
Package hyperref Info: Hyper figures OFF on input line 4192.
Package hyperref Info: Link nesting OFF on input line 4197.
Package hyperref Info: Hyper index ON on input line 4200.
Package hyperref Info: Plain pages OFF on input line 4207.
Package hyperref Info: Backreferencing OFF on input line 4212.
Package hyperref Info: Implicit mode ON; LaTeX internals redefined.
Package hyperref Info: Bookmarks ON on input line 4445.
\c@Hy@tempcnt=\count332

(/usr/share/texlive/texmf-dist/tex/latex/url/url.sty
\Urlmuskip=\muskip17
Package: url 2013/09/16  ver 3.4  Verb mode for urls, etc.
)
LaTeX Info: Redefining \url on input line 4804.
\XeTeXLinkMargin=\dimen256

(/usr/share/texlive/texmf-dist/tex/generic/bitset/bitset.sty
Package: bitset 2019/12/09 v1.3 Handle bit-vector datatype (HO)

(/usr/share/texlive/texmf-dist/tex/generic/bigintcalc/bigintcalc.sty
Package: bigintcalc 2019/12/15 v1.5 Expandable calculations on big integers (HO
)
))
\Fld@menulength=\count333
\Field@Width=\dimen257
\Fld@charsize=\dimen258
Package hyperref Info: Hyper figures OFF on input line 6076.
Package hyperref Info: Link nesting OFF on input line 6081.
Package hyperref Info: Hyper index ON on input line 6084.
Package hyperref Info: backreferencing OFF on input line 6091.
Package hyperref Info: Link coloring ON on input line 6094.
Package hyperref Info: Link coloring with OCG OFF on input line 6101.
Package hyperref Info: PDF/A mode OFF on input line 6106.
LaTeX Info: Redefining \ref on input line 6146.
LaTeX Info: Redefining \pageref on input line 6150.

(/usr/share/texlive/texmf-dist/tex/latex/base/atbegshi-ltx.sty
Package: atbegshi-ltx 2021/01/10 v1.0c Emulation of the original atbegshi
package with kernel methods
)
\Hy@abspage=\count334
\c@Item=\count335
\c@Hfootnote=\count336
)
Package hyperref Info: Driver (autodetected): hpdftex.

(/usr/share/texlive/texmf-dist/tex/latex/hyperref/hpdftex.def
File: hpdftex.def 2021-06-07 v7.00m Hyperref driver for pdfTeX

(/usr/share/texlive/texmf-dist/tex/latex/base/atveryend-ltx.sty
Package: atveryend-ltx 2020/08/19 v1.0a Emulation of the original atveryend pac
kage
with kernel methods
)
\Fld@listcount=\count337
\c@bookmark@seq@number=\count338

(/usr/share/texlive/texmf-dist/tex/latex/rerunfilecheck/rerunfilecheck.sty
Package: rerunfilecheck 2019/12/05 v1.9 Rerun checks for auxiliary files (HO)

(/usr/share/texlive/texmf-dist/tex/generic/uniquecounter/uniquecounter.sty
Package: uniquecounter 2019/12/15 v1.4 Provide unlimited unique counter (HO)
)
Package uniquecounter Info: New unique counter `rerunfilecheck' on input line 2
86.
)
\Hy@SectionHShift=\skip77
)
(/usr/share/texlive/texmf-dist/tex/latex/cleveref/cleveref.sty
Package: cleveref 2018/03/27 v0.21.4 Intelligent cross-referencing
Package cleveref Info: `hyperref' support loaded on input line 2370.
LaTeX Info: Redefining \cref on input line 2370.
LaTeX Info: Redefining \Cref on input line 2370.
LaTeX Info: Redefining \crefrange on input line 2370.
LaTeX Info: Redefining \Crefrange on input line 2370.
LaTeX Info: Redefining \cpageref on input line 2370.
LaTeX Info: Redefining \Cpageref on input line 2370.
LaTeX Info: Redefining \cpagerefrange on input line 2370.
LaTeX Info: Redefining \Cpagerefrange on input line 2370.
LaTeX Info: Redefining \labelcref on input line 2370.
LaTeX Info: Redefining \labelcpageref on input line 2370.
)
(/usr/share/texlive/texmf-dist/tex/latex/enumitem/enumitem.sty
Package: enumitem 2019/06/20 v3.9 Customized lists
\enitkv@toks@=\toks40
\labelindent=\skip78
\enit@outerparindent=\dimen259
\enit@toks=\toks41
\enit@inbox=\box103
\enit@count@id=\count339
\enitdp@description=\count340
)
(/usr/share/texlive/texmf-dist/tex/latex/marginnote/marginnote.sty
Package: marginnote 2018/08/09 v1.4b non floating margin notes for LaTeX
\c@mn@abspage=\count341
)
(/usr/share/texlive/texmf-dist/tex/latex/tocloft/tocloft.sty
Package: tocloft 2017/08/31 v2.3i parameterised ToC, etc., typesetting
Package tocloft Info: The document has chapter divisions on input line 51.
\cftparskip=\skip79
\cftbeforetoctitleskip=\skip80
\cftaftertoctitleskip=\skip81
\cftbeforepartskip=\skip82
\cftpartnumwidth=\skip83
\cftpartindent=\skip84
\cftbeforechapskip=\skip85
\cftchapindent=\skip86
\cftchapnumwidth=\skip87
\cftbeforesecskip=\skip88
\cftsecindent=\skip89
\cftsecnumwidth=\skip90
\cftbeforesubsecskip=\skip91
\cftsubsecindent=\skip92
\cftsubsecnumwidth=\skip93
\cftbeforesubsubsecskip=\skip94
\cftsubsubsecindent=\skip95
\cftsubsubsecnumwidth=\skip96
\cftbeforeparaskip=\skip97
\cftparaindent=\skip98
\cftparanumwidth=\skip99
\cftbeforesubparaskip=\skip100
\cftsubparaindent=\skip101
\cftsubparanumwidth=\skip102
\cftbeforeloftitleskip=\skip103
\cftafterloftitleskip=\skip104
\cftbeforefigskip=\skip105
\cftfigindent=\skip106
\cftfignumwidth=\skip107
\c@lofdepth=\count342
\c@lotdepth=\count343
\cftbeforelottitleskip=\skip108
\cftafterlottitleskip=\skip109
\cftbeforetabskip=\skip110
\cfttabindent=\skip111
\cfttabnumwidth=\skip112
)
(/usr/share/texlive/texmf-dist/tex/latex/float/float.sty
Package: float 2001/11/08 v1.3d Float enhancements (AL)
\c@float@type=\count344
\float@exts=\toks42
\float@box=\box104
\@float@everytoks=\toks43
\@floatcapt=\box105
)
(/usr/share/texlive/texmf-dist/tex/latex/amsfonts/amssymb.sty
Package: amssymb 2013/01/14 v3.01 AMS font symbols

(/usr/share/texlive/texmf-dist/tex/latex/amsfonts/amsfonts.sty
Package: amsfonts 2013/01/14 v3.01 Basic AMSFonts support
\symAMSa=\mathgroup4
\symAMSb=\mathgroup5
LaTeX Font Info:    Redeclaring math symbol \hbar on input line 98.
LaTeX Font Info:    Overwriting math alphabet `\mathfrak' in version `bold'
(Font)                  U/euf/m/n --> U/euf/b/n on input line 106.
))
(/usr/share/texlive/texmf-dist/tex/latex/mathtools/mathtools.sty
Package: mathtools 2021/02/02 v1.28 mathematical typesetting tools

(/usr/share/texlive/texmf-dist/tex/latex/tools/calc.sty
Package: calc 2017/05/25 v4.3 Infix arithmetic (KKT,FJ)
\calc@Acount=\count345
\calc@Bcount=\count346
\calc@Adimen=\dimen260
\calc@Bdimen=\dimen261
\calc@Askip=\skip113
\calc@Bskip=\skip114
LaTeX Info: Redefining \setlength on input line 80.
LaTeX Info: Redefining \addtolength on input line 81.
\calc@Ccount=\count347
\calc@Cskip=\skip115
)
(/usr/share/texlive/texmf-dist/tex/latex/mathtools/mhsetup.sty
Package: mhsetup 2021/03/18 v1.4 programming setup (MH)
)
\g_MT_multlinerow_int=\count348
\l_MT_multwidth_dim=\dimen262
\origjot=\skip116
\l_MT_shortvdotswithinadjustabove_dim=\dimen263
\l_MT_shortvdotswithinadjustbelow_dim=\dimen264
\l_MT_above_intertext_sep=\dimen265
\l_MT_below_intertext_sep=\dimen266
\l_MT_above_shortintertext_sep=\dimen267
\l_MT_below_shortintertext_sep=\dimen268
\xmathstrut@box=\box106
\xmathstrut@dim=\dimen269
)
(/usr/share/texlive/texmf-dist/tex/latex/amscls/amsthm.sty
Package: amsthm 2020/05/29 v2.20.6
\thm@style=\toks44
\thm@bodyfont=\toks45
\thm@headfont=\toks46
\thm@notefont=\toks47
\thm@headpunct=\toks48
\thm@preskip=\skip117
\thm@postskip=\skip118
\thm@headsep=\skip119
\dth@everypar=\toks49
)
(/usr/share/texlive/texmf-dist/tex/latex/siunitx/siunitx.sty
Package: siunitx 2022-02-02 v3.0.46 A comprehensive (SI) units package
\l__siunitx_angle_tmp_dim=\dimen270
\l__siunitx_angle_marker_box=\box107
\l__siunitx_angle_unit_box=\box108
\l__siunitx_compound_count_int=\count349

(/usr/share/texlive/texmf-dist/tex/latex/translations/translations.sty
Package: translations 2022/01/04 v1.11 internationalization of LaTeX2e packages
 (CN)
)
\l__siunitx_number_exponent_fixed_int=\count350
\l__siunitx_number_min_decimal_int=\count351
\l__siunitx_number_min_integer_int=\count352
\l__siunitx_number_round_precision_int=\count353
\l__siunitx_number_group_minimum_int=\count354
\l__siunitx_table_tmp_box=\box109
\l__siunitx_table_tmp_dim=\dimen271
\l__siunitx_table_column_width_dim=\dimen272
\l__siunitx_table_integer_box=\box110
\l__siunitx_table_decimal_box=\box111
\l__siunitx_table_before_box=\box112
\l__siunitx_table_after_box=\box113
\l__siunitx_table_before_dim=\dimen273
\l__siunitx_table_carry_dim=\dimen274
\l__siunitx_unit_tmp_int=\count355
\l__siunitx_unit_position_int=\count356
\l__siunitx_unit_total_int=\count357

(/usr/share/texlive/texmf-dist/tex/latex/l3packages/l3keys2e/l3keys2e.sty
(/usr/share/texlive/texmf-dist/tex/latex/l3kernel/expl3.sty
Package: expl3 2022-01-21 L3 programming layer (loader)

(/usr/share/texlive/texmf-dist/tex/latex/l3backend/l3backend-pdftex.def
File: l3backend-pdftex.def 2022-01-12 L3 backend support: PDF output (pdfTeX)
\l__color_backend_stack_int=\count358
\l__pdf_internal_box=\box114
))
Package: l3keys2e 2022-01-12 LaTeX2e option processing using LaTeX3 keys
)
(/usr/share/texlive/texmf-dist/tex/latex/tools/array.sty
Package: array 2021/10/04 v2.5f Tabular extension package (FMi)
\col@sep=\dimen275
\ar@mcellbox=\box115
\extrarowheight=\dimen276
\NC@list=\toks50
\extratabsurround=\skip120
\backup@length=\skip121
\ar@cellbox=\box116
))
(/usr/share/texlive/texmf-dist/tex/latex/thmtools/thmtools.sty
Package: thmtools 2020/08/01 v0.72
\thmt@toks=\toks51
\c@thmt@dummyctr=\count359

(/usr/share/texlive/texmf-dist/tex/latex/thmtools/thm-patch.sty
Package: thm-patch 2020/08/01 v0.72

(/usr/share/texlive/texmf-dist/tex/latex/thmtools/parseargs.sty
Package: parseargs 2020/08/01 v0.72
\@parsespec=\toks52
))
(/usr/share/texlive/texmf-dist/tex/latex/thmtools/thm-kv.sty
Package: thm-kv 2020/08/01 v0.72
Package thm-kv Info: Theorem names will be uppercased on input line 42.
Package thm-kv Info: kvsetkeys patch (v1.16 or later) on input line 158.
)
(/usr/share/texlive/texmf-dist/tex/latex/thmtools/thm-autoref.sty
Package: thm-autoref 2020/08/01 v0.72

(/usr/share/texlive/texmf-dist/tex/latex/thmtools/aliasctr.sty
Package: aliasctr 2020/08/01 v0.72
))
(/usr/share/texlive/texmf-dist/tex/latex/thmtools/thm-listof.sty
Package: thm-listof 2020/08/01 v0.72
)
(/usr/share/texlive/texmf-dist/tex/latex/thmtools/thm-restate.sty
Package: thm-restate 2020/08/01 v0.72
)
(/usr/share/texlive/texmf-dist/tex/latex/thmtools/thm-amsthm.sty
Package: thm-amsthm 2020/08/01 v0.72
\thmt@style@headstyle=\toks53
))
(/usr/share/texlive/texmf-dist/tex/latex/doublestroke/dsfont.sty
Package: dsfont 1995/08/01 v0.1 Double stroke roman fonts
)
(/usr/share/texlive/texmf-dist/tex/latex/caption/subcaption.sty
Package: subcaption 2020/10/07 v1.3j Sub-captions (AR)
\c@subfigure=\count360
\c@subtable=\count361
)
(/usr/share/texlive/texmf-dist/tex/latex/xcolor/xcolor.sty
Package: xcolor 2021/10/31 v2.13 LaTeX color extensions (UK)

(/usr/share/texlive/texmf-dist/tex/latex/graphics-cfg/color.cfg
File: color.cfg 2016/01/02 v1.6 sample color configuration
)
Package xcolor Info: Driver file: pdftex.def on input line 227.

(/usr/share/texlive/texmf-dist/tex/latex/colortbl/colortbl.sty
Package: colortbl 2020/01/04 v1.0e Color table columns (DPC)
\everycr=\toks54
\minrowclearance=\skip122
)
LaTeX Info: Redefining \color on input line 711.
\rownum=\count362
Package xcolor Info: Model `cmy' substituted by `cmy0' on input line 1352.
Package xcolor Info: Model `hsb' substituted by `rgb' on input line 1356.
Package xcolor Info: Model `RGB' extended on input line 1368.
Package xcolor Info: Model `HTML' substituted by `rgb' on input line 1370.
Package xcolor Info: Model `Hsb' substituted by `hsb' on input line 1371.
Package xcolor Info: Model `tHsb' substituted by `hsb' on input line 1372.
Package xcolor Info: Model `HSB' substituted by `hsb' on input line 1373.
Package xcolor Info: Model `Gray' substituted by `gray' on input line 1374.
Package xcolor Info: Model `wave' substituted by `hsb' on input line 1375.

(/usr/share/texlive/texmf-dist/tex/latex/graphics/dvipsnam.def
File: dvipsnam.def 2016/06/17 v3.0m Driver-dependent file (DPC,SPQR)
))
(/usr/share/texlive/texmf-dist/tex/latex/listings/listings.sty
\lst@mode=\count363
\lst@gtempboxa=\box117
\lst@token=\toks55
\lst@length=\count364
\lst@currlwidth=\dimen277
\lst@column=\count365
\lst@pos=\count366
\lst@lostspace=\dimen278
\lst@width=\dimen279
\lst@newlines=\count367
\lst@lineno=\count368
\lst@maxwidth=\dimen280

(/usr/share/texlive/texmf-dist/tex/latex/listings/lstmisc.sty
File: lstmisc.sty 2020/03/24 1.8d (Carsten Heinz)
\c@lstnumber=\count369
\lst@skipnumbers=\count370
\lst@framebox=\box118
)
(/usr/share/texlive/texmf-dist/tex/latex/listings/listings.cfg
File: listings.cfg 2020/03/24 1.8d listings configuration
))
Package: listings 2020/03/24 1.8d (Carsten Heinz)

(/usr/share/texlive/texmf-dist/tex/latex/algorithms/algorithm.sty
Package: algorithm 2009/08/24 v0.1 Document Style `algorithm' - floating enviro
nment
\@float@every@algorithm=\toks56
\c@algorithm=\count371
)
(/usr/share/texlive/texmf-dist/tex/latex/algorithmicx/algpseudocode.sty
Package: algpseudocode

(/usr/share/texlive/texmf-dist/tex/latex/algorithmicx/algorithmicx.sty
Package: algorithmicx 2005/04/27 v1.2 Algorithmicx

Document Style algorithmicx 1.2 - a greatly improved `algorithmic' style
\c@ALG@line=\count372
\c@ALG@rem=\count373
\c@ALG@nested=\count374
\ALG@tlm=\skip123
\ALG@thistlm=\skip124
\c@ALG@Lnr=\count375
\c@ALG@blocknr=\count376
\c@ALG@storecount=\count377
\c@ALG@tmpcounter=\count378
\ALG@tmplength=\skip125
)
Document Style - pseudocode environments for use with the `algorithmicx' style
) (/usr/share/texlive/texmf-dist/tex/latex/natbib/natbib.sty
Package: natbib 2010/09/13 8.31b (PWD, AO)
\bibhang=\skip126
\bibsep=\skip127
LaTeX Info: Redefining \cite on input line 694.
\c@NAT@ctr=\count379
)
Package hyperref Info: Option `colorlinks' set `true' on input line 112.
\c@ambienti=\count380
\cftbeforeambientiskip=\skip128
\cftambientiindent=\skip129
\cftambientinumwidth=\skip130
\c@ambdepth=\count381
\cftbeforeambtitleskip=\skip131
\cftafterambtitleskip=\skip132
Package thmtools Info: Automatically pulling in `thmdef-shaded' on input line 2
05.

(/usr/share/texlive/texmf-dist/tex/latex/thmtools/thmdef-shaded.sty
Package: thmdef-shaded 2020/08/01 v0.72
)
(/usr/share/texlive/texmf-dist/tex/latex/shadethm/shadethm.sty
Package: shadethm 1999/11/23
\saveparindent=\skip133
\shadeboxsep=\skip134
\shadeboxrule=\skip135
\shadedtextwidth=\skip136
\shadeleftshift=\skip137
\shaderightshift=\skip138
\shadesavebox=\box119
)
\c@definition=\count382
Package thmtools Info: Automatically pulling in `thmdef-thmbox' on input line 2
20.

(/usr/share/texlive/texmf-dist/tex/latex/thmtools/thmdef-thmbox.sty
Package: thmdef-thmbox 2020/08/01 v0.72
)
(/usr/share/texlive/texmf-dist/tex/latex/thmbox/thmbox.sty
Package: thmbox 2005/04/24 v2.0 fancy theorem outlining
\thmbox@leftmargin=\dimen281
\thmbox@rightmargin=\dimen282
\thmbox@hskip=\dimen283
\thmbox@vskip=\dimen284
\thmbox@thickness=\dimen285
\thmbox@box=\box120
\thmbox@box@=\box121
\thmbox@dim=\dimen286
)
\c@theorem=\count383
\c@proposition=\count384
\c@lemma=\count385
\Thesis@idxfile=\write3
\openout3 = `Thesis.idx'.


Writing index file Thesis.idx
\glswrite=\write4
\glo@main@file=\write5
\openout5 = `Thesis.glo'.

Package glossaries Info: Writing glossary file Thesis.glo on input line 257.
\glo@acronym@file=\write6
\openout6 = `Thesis.acn'.

Package glossaries Info: Writing glossary file Thesis.acn on input line 257.
(./glossary.tex)
LaTeX Font Info:    Trying to load font information for T1+lmr on input line 26
0.
 (/usr/share/texmf/tex/latex/lm/t1lmr.fd
File: t1lmr.fd 2009/10/30 v1.6 Font defs for Latin Modern
) (./Thesis.aux
(./main/Introduction.aux) (./main/LiteratureReview.aux) (./main/Methodology.aux
) (./main/Results.aux) (./main/Discussion.aux) (./main/Conclusion.aux)
(./main/Appendix.aux))
\openout1 = `Thesis.aux'.

LaTeX Font Info:    Checking defaults for OML/cmm/m/it on input line 260.
LaTeX Font Info:    ... okay on input line 260.
LaTeX Font Info:    Checking defaults for OMS/cmsy/m/n on input line 260.
LaTeX Font Info:    ... okay on input line 260.
LaTeX Font Info:    Checking defaults for OT1/cmr/m/n on input line 260.
LaTeX Font Info:    ... okay on input line 260.
LaTeX Font Info:    Checking defaults for T1/cmr/m/n on input line 260.
LaTeX Font Info:    ... okay on input line 260.
LaTeX Font Info:    Checking defaults for TS1/cmr/m/n on input line 260.
LaTeX Font Info:    ... okay on input line 260.
LaTeX Font Info:    Checking defaults for OMX/cmex/m/n on input line 260.
LaTeX Font Info:    ... okay on input line 260.
LaTeX Font Info:    Checking defaults for U/cmr/m/n on input line 260.
LaTeX Font Info:    ... okay on input line 260.
LaTeX Font Info:    Checking defaults for PD1/pdf/m/n on input line 260.
LaTeX Font Info:    ... okay on input line 260.
LaTeX Font Info:    Checking defaults for PU/pdf/m/n on input line 260.
LaTeX Font Info:    ... okay on input line 260.

*geometry* driver: auto-detecting
*geometry* detected driver: pdftex
*geometry* verbose mode - [ preamble ] result:
* driver: pdftex
* paper: a4paper
* layout: <same size as paper>
* layoutoffset:(h,v)=(0.0pt,0.0pt)
* vratio: 55:89
* modes: includehead heightrounded
* h-part:(L,W,R)=(100.75394pt, 396.0pt, 100.75394pt)
* v-part:(T,H,B)=(65.75981pt, 672.8738pt, 106.41324pt)
* \paperwidth=597.50787pt
* \paperheight=845.04684pt
* \textwidth=396.0pt
* \textheight=636.60028pt
* \oddsidemargin=28.48395pt
* \evensidemargin=28.48395pt
* \topmargin=-6.51018pt
* \headheight=12.0pt
* \headsep=19.8738pt
* \topskip=11.0pt
* \footskip=27.46295pt
* \marginparwidth=72.0pt
* \marginparsep=12.0pt
* \columnsep=10.0pt
* \skip\footins=10.0pt plus 4.0pt minus 2.0pt
* \hoffset=0.0pt
* \voffset=0.0pt
* \mag=1000
* \@twocolumnfalse
* \@twosidefalse
* \@mparswitchfalse
* \@reversemarginfalse
* (1in=72.27pt=25.4mm, 1cm=28.453pt)

Package caption Info: Begin \AtBeginDocument code.
Package caption Info: float package is loaded.
Package caption Info: hyperref package is loaded.
Package caption Info: listings package is loaded.
Package caption Info: longtable package is loaded.
(/usr/share/texlive/texmf-dist/tex/latex/caption/ltcaption.sty
Package: ltcaption 2020/05/30 v1.4b longtable captions (AR)
)
Package caption Info: supertabular package is loaded.
Package caption Info: End \AtBeginDocument code.

(/usr/share/texlive/texmf-dist/tex/context/base/mkii/supp-pdf.mkii
[Loading MPS to PDF converter (version 2006.09.02).]
\scratchcounter=\count386
\scratchdimen=\dimen287
\scratchbox=\box122
\nofMPsegments=\count387
\nofMParguments=\count388
\everyMPshowfont=\toks57
\MPscratchCnt=\count389
\MPscratchDim=\dimen288
\MPnumerator=\count390
\makeMPintoPDFobject=\count391
\everyMPtoPDFconversion=\toks58
) (/usr/share/texlive/texmf-dist/tex/latex/epstopdf-pkg/epstopdf-base.sty
Package: epstopdf-base 2020-01-24 v2.11 Base part for package epstopdf
Package epstopdf-base Info: Redefining graphics rule for `.eps' on input line 4
85.

(/usr/share/texlive/texmf-dist/tex/latex/latexconfig/epstopdf-sys.cfg
File: epstopdf-sys.cfg 2010/07/13 v1.3 Configuration of (r)epstopdf for TeX Liv
e
))
LaTeX Info: Redefining \textsubscript on input line 260.
Package hyperref Info: Link coloring ON on input line 260.

(/usr/share/texlive/texmf-dist/tex/latex/hyperref/nameref.sty
Package: nameref 2021-04-02 v2.47 Cross-referencing by name of section

(/usr/share/texlive/texmf-dist/tex/latex/refcount/refcount.sty
Package: refcount 2019/12/15 v3.6 Data extraction from label references (HO)
)
(/usr/share/texlive/texmf-dist/tex/generic/gettitlestring/gettitlestring.sty
Package: gettitlestring 2019/12/15 v1.6 Cleanup title references (HO)
)
\c@section@level=\count392
)
LaTeX Info: Redefining \ref on input line 260.
LaTeX Info: Redefining \pageref on input line 260.
LaTeX Info: Redefining \nameref on input line 260.

(./Thesis.out) (./Thesis.out)
\@outlinefile=\write7
\openout7 = `Thesis.out'.


(/usr/share/texlive/texmf-dist/tex/latex/translations/translations-basic-dictio
nary-english.trsl
File: translations-basic-dictionary-english.trsl (english translation file `tra
nslations-basic-dictionary')
)
Package translations Info: loading dictionary `translations-basic-dictionary' f
or `english'. on input line 260.
\c@lstlisting=\count393
\SAP@parboxindent=\skip139
\SAP@parboxwidth=\skip140
LaTeX Font Info:    Trying to load font information for T1+lmss on input line 2
64.
 (/usr/share/texmf/tex/latex/lm/t1lmss.fd
File: t1lmss.fd 2009/10/30 v1.6 Font defs for Latin Modern
)
<sapienzalogo.pdf, id=140, 288.07625pt x 89.33376pt>
File: sapienzalogo.pdf Graphic file (type pdf)
<use sapienzalogo.pdf>
Package pdftex.def Info: sapienzalogo.pdf  used on input line 264.
(pdftex.def)             Requested size: 142.26378pt x 44.11742pt.
 [1

\openout4 = `Thesis.ist'.



{/var/lib/texmf/fonts/map/pdftex/updmap/pdftex.map} </usr/share/texlive/texmf-d
ist/tex/latex/sapthesis/sapienzalogo.pdf>]
LaTeX Font Info:    Trying to load font information for TS1+lmr on input line 2
64.
 (/usr/share/texmf/tex/latex/lm/ts1lmr.fd
File: ts1lmr.fd 2009/10/30 v1.6 Font defs for Latin Modern
)
Underfull \hbox (badness 10000) in paragraph at lines 264--264

 []

LaTeX Font Info:    Trying to load font information for OT1+lmr on input line 2
64.
(/usr/share/texmf/tex/latex/lm/ot1lmr.fd
File: ot1lmr.fd 2009/10/30 v1.6 Font defs for Latin Modern
)
LaTeX Font Info:    Trying to load font information for OML+lmm on input line 2
64.

(/usr/share/texmf/tex/latex/lm/omllmm.fd
File: omllmm.fd 2009/10/30 v1.6 Font defs for Latin Modern
)
LaTeX Font Info:    Trying to load font information for OMS+lmsy on input line
264.

(/usr/share/texmf/tex/latex/lm/omslmsy.fd
File: omslmsy.fd 2009/10/30 v1.6 Font defs for Latin Modern
)
LaTeX Font Info:    Trying to load font information for OMX+lmex on input line
264.

(/usr/share/texmf/tex/latex/lm/omxlmex.fd
File: omxlmex.fd 2009/10/30 v1.6 Font defs for Latin Modern
)
LaTeX Font Info:    External font `lmex10' loaded for size
(Font)              <10> on input line 264.
LaTeX Font Info:    External font `lmex10' loaded for size
(Font)              <7> on input line 264.
LaTeX Font Info:    External font `lmex10' loaded for size
(Font)              <5> on input line 264.
LaTeX Font Info:    Trying to load font information for U+msa on input line 264
.

(/usr/share/texlive/texmf-dist/tex/latex/amsfonts/umsa.fd
File: umsa.fd 2013/01/14 v3.01 AMS symbols A
)
LaTeX Font Info:    Trying to load font information for U+msb on input line 264
.

(/usr/share/texlive/texmf-dist/tex/latex/amsfonts/umsb.fd
File: umsb.fd 2013/01/14 v3.01 AMS symbols B
)
Underfull \hbox (badness 10000) in paragraph at lines 264--264

 []

pdfTeX warning (ext4): destination with the same identifier (name{page.i}) has
been already used, duplicate ignored
<to be read again>
                   \relax
l.264 \dedication
                 {Mater artium necessitas} [1

]
Package marginnote Info: Using workaround for absolute page number on input lin
e 264.
 (./Thesis.toc
LaTeX Font Info:    External font `lmex10' loaded for size
(Font)              <10.95> on input line 2.
LaTeX Font Info:    External font `lmex10' loaded for size
(Font)              <8> on input line 2.
LaTeX Font Info:    External font `lmex10' loaded for size
(Font)              <6> on input line 2.
 [2


] [3])
\tf@toc=\write8
\openout8 = `Thesis.toc'.

 [4]
(./Thesis.lof)
\tf@lof=\write9
\openout9 = `Thesis.lof'.

 [5] (./Thesis.lot)
\tf@lot=\write10
\openout10 = `Thesis.lot'.

 [6]
showing theorem
showing  definition
showing  exempli_gratia
(./Thesis.loe) [7] (./Thesis.amb)
\tf@amb=\write11
\openout11 = `Thesis.amb'.


No file Thesis.acr.
[8]
\openout2 = `main/Introduction.aux'.

 (./main/Introduction.tex
Chapter 1.
) [1



]
\openout2 = `main/LiteratureReview.aux'.

 (./main/LiteratureReview.tex
Chapter 2.
Package marginnote Info: Margin note 12.1 is on absolute page 12 on input line
4.
Package marginnote Info: right page because not two side mode on input line 4.
Package marginnote Info: xpos seems to be 100.75394pt on input line 4.
(./main/literature_review/n_grams.tex
LaTeX Font Info:    Trying to load font information for T1+lmtt on input line 2
.
 (/usr/share/texmf/tex/latex/lm/t1lmtt.fd
File: t1lmtt.fd 2009/10/30 v1.6 Font defs for Latin Modern
)
LaTeX Font Info:    External font `lmex10' loaded for size
(Font)              <9> on input line 2.
<Figures/exngrammodel.png, id=276, 684.5575pt x 268.00125pt>
File: Figures/exngrammodel.png Graphic file (type png)
<use Figures/exngrammodel.png>
Package pdftex.def Info: Figures/exngrammodel.png  used on input line 6.
(pdftex.def)             Requested size: 396.0pt x 155.03596pt.
[2




]
Package hyperref Info: bookmark level for unknown proposition defaults to 0 on
input line 23.
 [3 <./Figures/exngrammodel.png>]

LaTeX Warning: Reference `eq ' on page 1 undefined on input line 58.

[4]
<Figures/exnmodel_AB_cont.png, id=327, 1204.5pt x 803.0pt>
File: Figures/exnmodel_AB_cont.png Graphic file (type png)
<use Figures/exnmodel_AB_cont.png>
Package pdftex.def Info: Figures/exnmodel_AB_cont.png  used on input line 72.
(pdftex.def)             Requested size: 178.19879pt x 118.79068pt.
<Figures/exnmodel_AB_disc.png, id=328, 1204.5pt x 803.0pt>
File: Figures/exnmodel_AB_disc.png Graphic file (type png)
<use Figures/exnmodel_AB_disc.png>
Package pdftex.def Info: Figures/exnmodel_AB_disc.png  used on input line 74.
(pdftex.def)             Requested size: 178.19879pt x 118.79068pt.
) (./main/literature_review/FuzzyClustering.tex [5 <./Figures/exnmodel_AB_cont.
png> <./Figures/exnmodel_AB_disc.png>]
Package hyperref Info: bookmark level for unknown notation defaults to 0 on inp
ut line 37.
Package hyperref Info: bookmark level for unknown exempli_gratia defaults to 0
on input line 47.
<Figures/apple.png, id=344, 228.10219pt x 85.82062pt>
File: Figures/apple.png Graphic file (type png)
<use Figures/apple.png>
Package pdftex.def Info: Figures/apple.png  used on input line 56.
(pdftex.def)             Requested size: 198.0pt x 74.49701pt.
 [6]
Package hyperref Info: bookmark level for unknown remark defaults to 0 on input
 line 61.
Package hyperref Info: bookmark level for unknown definition defaults to 0 on i
nput line 64.
 [7 <./Figures/apple.png>]
Package hyperref Info: bookmark level for unknown theorem defaults to 0 on inpu
t line 100.

Underfull \vbox (badness 10000) detected at line 121
 []

[8]
Package hyperref Info: bookmark level for unknown algorithm defaults to 0 on in
put line 146.


LaTeX Warning: `h' float specifier changed to `ht'.

[9]
<Figures/dati_veri.png, id=392, 688.7331pt x 587.5551pt>
File: Figures/dati_veri.png Graphic file (type png)
<use Figures/dati_veri.png>
Package pdftex.def Info: Figures/dati_veri.png  used on input line 179.
(pdftex.def)             Requested size: 356.39758pt x 304.04216pt.
 [10]) (./main/literature_review/DFT.tex

Package hyperref Warning: Token not allowed in a PDF string (Unicode):
(hyperref)                removing `\gls' on input line 1.

[11 <./Figures/dati_veri.png>] [12] [13]

LaTeX Warning: `h' float specifier changed to `ht'.

[14]
<Figures/sunspots.png, id=439, 958.3303pt x 568.37344pt>
File: Figures/sunspots.png Graphic file (type png)
<use Figures/sunspots.png>
Package pdftex.def Info: Figures/sunspots.png  used on input line 138.
(pdftex.def)             Requested size: 396.0pt x 234.86455pt.
) [15 <./Figures/sunspots.png>]
<Figures/fused_analysis.png, id=448, 416.2752pt x 301.3659pt>
File: Figures/fused_analysis.png Graphic file (type png)
<use Figures/fused_analysis.png>
Package pdftex.def Info: Figures/fused_analysis.png  used on input line 46.
(pdftex.def)             Requested size: 190.07831pt x 137.60913pt.
<Figures/separated_analysis.png, id=449, 416.2752pt x 298.4751pt>
File: Figures/separated_analysis.png Graphic file (type png)
<use Figures/separated_analysis.png>
Package pdftex.def Info: Figures/separated_analysis.png  used on input line 51.

(pdftex.def)             Requested size: 190.07831pt x 136.28914pt.
 [16]
<Figures/fused_data_2D.png, id=457, 602.7318pt x 591.8913pt>
File: Figures/fused_data_2D.png Graphic file (type png)
<use Figures/fused_data_2D.png>
Package pdftex.def Info: Figures/fused_data_2D.png  used on input line 60.
(pdftex.def)             Requested size: 316.80121pt x 311.10884pt.


LaTeX Warning: `h' float specifier changed to `ht'.

[17 <./Figures/fused_analysis.png> <./Figures/separated_analysis.png>] [18 <./F
igures/fused_data_2D.png>]
Package marginnote Info: Margin note 29.1 is on absolute page 29 on input line
93.
Package marginnote Info: right page because not two side mode on input line 93.

Package marginnote Info: xpos seems to be 407.71782pt on input line 93.


Package hyperref Warning: Token not allowed in a PDF string (Unicode):
(hyperref)                removing `\gls' on input line 124.

[19]
<Figures/fft2d_example.png, id=483, 594.0594pt x 540.5796pt>
File: Figures/fft2d_example.png Graphic file (type png)
<use Figures/fft2d_example.png>
Package pdftex.def Info: Figures/fft2d_example.png  used on input line 155.
(pdftex.def)             Requested size: 237.60242pt x 216.2115pt.
 [20]) [21 <./Figures/fft2d_example.png>]
\openout2 = `main/Methodology.aux'.

 (./main/Methodology.tex
Chapter 3.
Package marginnote Info: Margin note 32.1 is on absolute page 32 on input line
5.
Package marginnote Info: right page because not two side mode on input line 5.
Package marginnote Info: xpos seems to be 100.75394pt on input line 5.
<Figures/example.jpeg, id=499, 1777.39032pt x 1982.15532pt>
File: Figures/example.jpeg Graphic file (type jpg)
<use Figures/example.jpeg>
Package pdftex.def Info: Figures/example.jpeg  used on input line 24.
(pdftex.def)             Requested size: 158.39758pt x 176.63205pt.
<Figures/example_bw.jpeg, id=500, 568.7649pt x 634.2897pt>
File: Figures/example_bw.jpeg Graphic file (type jpg)
<use Figures/example_bw.jpeg>
Package pdftex.def Info: Figures/example_bw.jpeg  used on input line 28.
(pdftex.def)             Requested size: 158.39758pt x 176.64174pt.
[22




] [23 <./Figures/example.jpeg> <./Figures/example_bw.jpeg>]
<Figures/process.png, id=513, 419.8887pt x 393.1488pt>
File: Figures/process.png Graphic file (type png)
<use Figures/process.png>
Package pdftex.def Info: Figures/process.png  used on input line 59.
(pdftex.def)             Requested size: 356.39758pt x 333.71014pt.
 [24 <./Figures/process.png>] (./main/methodology/DataSet.tex
Package marginnote Info: Margin note 35.1 is on absolute page 35 on input line
16.
Package marginnote Info: right page because not two side mode on input line 16.

Package marginnote Info: xpos seems to be 251.70477pt on input line 16.
Package marginnote Info: Margin note 35.2 is on absolute page 35 on input line
27.
Package marginnote Info: right page because not two side mode on input line 27.

Package marginnote Info: xpos seems to be 229.38869pt on input line 27.


LaTeX Warning: `h' float specifier changed to `ht'.

<Figures/Author1_0001_02.png, id=522, 571.11368pt x 99.0099pt>
File: Figures/Author1_0001_02.png Graphic file (type png)
<use Figures/Author1_0001_02.png>
Package pdftex.def Info: Figures/Author1_0001_02.png  used on input line 55.
(pdftex.def)             Requested size: 396.0pt x 68.6538pt.
[25]) [26 <./Figures/Author1_0001_02.png>] (./main/methodology/Digitisation.tex
<Figures/example_square.png, id=533, 385.44pt x 385.44pt>
File: Figures/example_square.png Graphic file (type png)
<use Figures/example_square.png>
Package pdftex.def Info: Figures/example_square.png  used on input line 5.
(pdftex.def)             Requested size: 158.39758pt x 158.39606pt.
<Figures/example_detail.png, id=534, 24.09pt x 24.09pt>
File: Figures/example_detail.png Graphic file (type png)
<use Figures/example_detail.png>
Package pdftex.def Info: Figures/example_detail.png  used on input line 9.
(pdftex.def)             Requested size: 158.39758pt x 158.47495pt.
Package marginnote Info: Margin note 37.1 is on absolute page 37 on input line
16.
Package marginnote Info: right page because not two side mode on input line 16.

Package marginnote Info: xpos seems to be 100.75394pt on input line 16.
<Figures/FotoStoria.jpg, id=539, 1284.8pt x 893.3375pt>
File: Figures/FotoStoria.jpg Graphic file (type jpg)
<use Figures/FotoStoria.jpg>
Package pdftex.def Info: Figures/FotoStoria.jpg  used on input line 27.
(pdftex.def)             Requested size: 158.39758pt x 110.12657pt.
<Figures/digitalcamera.png, id=542, 722.7pt x 602.25pt>
File: Figures/digitalcamera.png Graphic file (type png)
<use Figures/digitalcamera.png>
Package pdftex.def Info: Figures/digitalcamera.png  used on input line 32.
(pdftex.def)             Requested size: 158.39758pt x 131.99916pt.
[27 <./Figures/example_square.png> <./Figures/example_detail.png>]
Package marginnote Info: Margin note 38.1 is on absolute page 38 on input line
47.
Package marginnote Info: right page because not two side mode on input line 47.

Package marginnote Info: xpos seems to be 100.75394pt on input line 47.
 [28 <./Figures/FotoStoria.jpg> <./Figures/digitalcamera.png>]
File: Figures/example.jpeg Graphic file (type jpg)
<use Figures/example.jpeg>
Package pdftex.def Info: Figures/example.jpeg  used on input line 60.
(pdftex.def)             Requested size: 158.39758pt x 176.63205pt.
<Figures/example_gray.jpeg, id=567, 2369.85374pt x 2642.87375pt>
File: Figures/example_gray.jpeg Graphic file (type jpg)
<use Figures/example_gray.jpeg>
Package pdftex.def Info: Figures/example_gray.jpeg  used on input line 64.
(pdftex.def)             Requested size: 158.39758pt x 176.63205pt.
 [29 <./Figures/example_gray.jpeg>]
<Figures/grid_fft.png, id=578, 490.4724pt x 162.6075pt>
File: Figures/grid_fft.png Graphic file (type png)
<use Figures/grid_fft.png>
Package pdftex.def Info: Figures/grid_fft.png  used on input line 86.
(pdftex.def)             Requested size: 396.0pt x 131.28706pt.
<Figures/test_fft.png, id=579, 614.17455pt x 169.5936pt>
File: Figures/test_fft.png Graphic file (type png)
<use Figures/test_fft.png>
Package pdftex.def Info: Figures/test_fft.png  used on input line 89.
(pdftex.def)             Requested size: 396.0pt x 109.34949pt.
<Figures/clean_fft.png, id=580, 639.3486pt x 169.71405pt>
File: Figures/clean_fft.png Graphic file (type png)
<use Figures/clean_fft.png>
Package pdftex.def Info: Figures/clean_fft.png  used on input line 91.
(pdftex.def)             Requested size: 396.0pt x 105.11804pt.


LaTeX Warning: `h' float specifier changed to `ht'.

) [30] [31 <./Figures/grid_fft.png> <./Figures/test_fft.png> <./Figures/clean_f
ft.png>] (./main/methodology/Synthesis.tex
File: Figures/example_detail.png Graphic file (type png)
<use Figures/example_detail.png>
Package pdftex.def Info: Figures/example_detail.png  used on input line 26.
(pdftex.def)             Requested size: 158.39758pt x 158.47495pt.
<Figures/example_tiles.png, id=598, 10.53937pt x 10.53937pt>
File: Figures/example_tiles.png Graphic file (type png)
<use Figures/example_tiles.png>
Package pdftex.def Info: Figures/example_tiles.png  used on input line 31.
(pdftex.def)             Requested size: 158.39758pt x 158.51888pt.
) [32]
(./main/methodology/Comparison.tex [33 <./Figures/example_tiles.png>]
Overfull \hbox (5.8042pt too wide) in paragraph at lines 42--43
\T1/lmr/m/n/10.95 Quindi pen-si-amo a $\OML/lmm/m/it/10.95 D[]$ \T1/lmr/m/n/10.
95 e $\OML/lmm/m/it/10.95 D[]$ \T1/lmr/m/n/10.95 come dizionari, os-sia l'elenc
o dei cen-troidi che riguardano
 []

[34] [35]
<Figures/fused_data_2D_fcm.png, id=643, 331.7193pt x 309.3156pt>
File: Figures/fused_data_2D_fcm.png Graphic file (type png)
<use Figures/fused_data_2D_fcm.png>
Package pdftex.def Info: Figures/fused_data_2D_fcm.png  used on input line 89.
(pdftex.def)             Requested size: 178.19879pt x 166.16893pt.
<Figures/fcm_2D_fcm.png, id=644, 331.7193pt x 309.3156pt>
File: Figures/fcm_2D_fcm.png Graphic file (type png)
<use Figures/fcm_2D_fcm.png>
Package pdftex.def Info: Figures/fcm_2D_fcm.png  used on input line 95.
(pdftex.def)             Requested size: 178.19879pt x 166.16893pt.
<Figures/measure_2D_fcm.png, id=645, 679.338pt x 591.8913pt>
File: Figures/measure_2D_fcm.png Graphic file (type png)
<use Figures/measure_2D_fcm.png>
Package pdftex.def Info: Figures/measure_2D_fcm.png  used on input line 100.
(pdftex.def)             Requested size: 396.0pt x 345.03123pt.
 [36 <./Figures/fused_data_2D_fcm.png> <./Figures/fcm_2D_fcm.png> <./Figures/me
asure_2D_fcm.png>] [37]
<Figures/example_gpu_reduction.png, id=668, 766.865pt x 174.6525pt>
File: Figures/example_gpu_reduction.png Graphic file (type png)
<use Figures/example_gpu_reduction.png>
Package pdftex.def Info: Figures/example_gpu_reduction.png  used on input line
189.
(pdftex.def)             Requested size: 396.0pt x 90.18822pt.


LaTeX Warning: `h' float specifier changed to `ht'.

)) [38] [39 <./Figures/example_gpu_reduction.png>]
\openout2 = `main/Results.aux'.

 (./main/Results.tex
Chapter 4.
Package marginnote Info: Margin note 50.1 is on absolute page 50 on input line
3.
Package marginnote Info: right page because not two side mode on input line 3.
Package marginnote Info: xpos seems to be 100.75394pt on input line 3.
<Figures/first_reconstruct.png, id=682, 604.8999pt x 485.6544pt>
File: Figures/first_reconstruct.png Graphic file (type png)
<use Figures/first_reconstruct.png>
Package pdftex.def Info: Figures/first_reconstruct.png  used on input line 21.
(pdftex.def)             Requested size: 396.0pt x 317.94664pt.
) [40




] [41 <./Figures/first_reconstruct.png>]
\openout2 = `main/Discussion.aux'.

 (./main/Discussion.tex
Chapter 5.
) [42




]
\openout2 = `main/Conclusion.aux'.

 (./main/Conclusion.tex
Chapter 6.
) [43




]
\openout2 = `main/Appendix.aux'.

 (./main/Appendix.tex
Appendix A.
<Figures/dati_kmeans.png, id=701, 688.7331pt x 587.5551pt>
File: Figures/dati_kmeans.png Graphic file (type png)
<use Figures/dati_kmeans.png>
Package pdftex.def Info: Figures/dati_kmeans.png  used on input line 5.
(pdftex.def)             Requested size: 356.39758pt x 304.04216pt.
<Figures/dati_gmm.png, id=702, 688.7331pt x 587.5551pt>
File: Figures/dati_gmm.png Graphic file (type png)
<use Figures/dati_gmm.png>
Package pdftex.def Info: Figures/dati_gmm.png  used on input line 11.
(pdftex.def)             Requested size: 356.39758pt x 304.04216pt.

LaTeX Warning: `h' float specifier changed to `ht'.

<Figures/dati_fcm.png, id=703, 688.7331pt x 587.5551pt>
File: Figures/dati_fcm.png Graphic file (type png)
<use Figures/dati_fcm.png>
Package pdftex.def Info: Figures/dati_fcm.png  used on input line 17.
(pdftex.def)             Requested size: 356.39758pt x 304.04216pt.

LaTeX Warning: `h' float specifier changed to `ht'.

[44




 <./Figures/dati_kmeans.png>] [45 <./Figures/dati_gmm.png>] [46 <./Figures/dati
_fcm.png>]
Appendix B.
(/usr/share/texlive/texmf-dist/tex/latex/listings/lstlang1.sty
File: lstlang1.sty 2020/03/24 1.8d listings language file
)
(/usr/share/texlive/texmf-dist/tex/latex/listings/lstmisc.sty
File: lstmisc.sty 2020/03/24 1.8d (Carsten Heinz)
)
LaTeX Font Info:    Font shape `T1/lmtt/bx/n' in size <8> not available
(Font)              Font shape `T1/lmtt/b/n' tried instead on input line 26.


LaTeX Font Warning: Font shape `T1/lmtt/bx/it' in size <8> not available
(Font)              Font shape `T1/lmtt/b/sl' tried instead on input line 26.

[47

] [48]) [49]
No file Thesis.gls.
[50




] (./Thesis.bbl
Underfull \hbox (badness 10000) in paragraph at lines 47--53
\T1/lmtt/m/n/10.95 / / upload . wikimedia . org / wikipedia / commons / 5 / 5c
/ View _ from _ the _
 []


Underfull \hbox (badness 1810) in paragraph at lines 47--53
\T1/lmtt/m/n/10.95 Window _ at _ Le _ Gras % 2C _ Joseph _ Nic % C3 % A9phore _
 Ni % C3 % A9pce . jpg$[][]\T1/lmr/m/n/10.95 , c.1826.
 []


Underfull \hbox (badness 1383) in paragraph at lines 55--61
[]\T1/lmr/m/n/10.95 Jean Franois WITZ.  Il-lus-trazione di una fo-to-cam-era d
ig-i-tale di tipo
 []

) [51

]
\tf@loe=\write12
\openout12 = `Thesis.loe'.

 (./Thesis.aux (./main/Introduction.aux) (./main/LiteratureReview.aux)
(./main/Methodology.aux) (./main/Results.aux) (./main/Discussion.aux)
(./main/Conclusion.aux) (./main/Appendix.aux))

LaTeX Warning: There were undefined references.

Package rerunfilecheck Info: File `Thesis.out' has not changed.
(rerunfilecheck)             Checksum: 4EFC7EB48F5F57B5C0F4E1A5C4BA2F7F;4394.
 )
Here is how much of TeX's memory you used:
 32869 strings out of 480129
 621978 string characters out of 5893409
 1405670 words of memory out of 5000000
 49880 multiletter control sequences out of 15000+600000
 596598 words of font info for 109 fonts, out of 8000000 for 9000
 81 hyphenation exceptions out of 8191
 91i,12n,131p,1136b,2486s stack positions out of 5000i,500n,10000p,200000b,80000s
{/usr/share/texmf/fonts/enc/dvips/lm/lm-ec.enc}{/usr/share/texmf/fonts/enc/dv
ips/lm/lm-mathit.enc}{/usr/share/texmf/fonts/enc/dvips/lm/lm-mathsy.enc}{/usr/s
hare/texmf/fonts/enc/dvips/lm/lm-rm.enc}{/usr/share/texmf/fonts/enc/dvips/lm/lm
-mathex.enc}{/usr/share/texmf/fonts/enc/dvips/lm/lm-ts1.enc}</usr/share/texmf/f
onts/type1/public/lm/lmbx10.pfb></usr/share/texmf/fonts/type1/public/lm/lmbx12.
pfb></usr/share/texmf/fonts/type1/public/lm/lmbxi10.pfb></usr/share/texmf/fonts
/type1/public/lm/lmcsc10.pfb></usr/share/texmf/fonts/type1/public/lm/lmex10.pfb
></usr/share/texmf/fonts/type1/public/lm/lmmi10.pfb></usr/share/texmf/fonts/typ
e1/public/lm/lmmi5.pfb></usr/share/texmf/fonts/type1/public/lm/lmmi6.pfb></usr/
share/texmf/fonts/type1/public/lm/lmmi7.pfb></usr/share/texmf/fonts/type1/publi
c/lm/lmmi8.pfb></usr/share/texmf/fonts/type1/public/lm/lmr10.pfb></usr/share/te
xmf/fonts/type1/public/lm/lmr6.pfb></usr/share/texmf/fonts/type1/public/lm/lmr7
.pfb></usr/share/texmf/fonts/type1/public/lm/lmr8.pfb></usr/share/texmf/fonts/t
ype1/public/lm/lmr9.pfb></usr/share/texmf/fonts/type1/public/lm/lmri10.pfb></us
r/share/texmf/fonts/type1/public/lm/lmro10.pfb></usr/share/texmf/fonts/type1/pu
blic/lm/lmss10.pfb></usr/share/texmf/fonts/type1/public/lm/lmss12.pfb></usr/sha
re/texmf/fonts/type1/public/lm/lmss17.pfb></usr/share/texmf/fonts/type1/public/
lm/lmssbx10.pfb></usr/share/texmf/fonts/type1/public/lm/lmsy10.pfb></usr/share/
texmf/fonts/type1/public/lm/lmsy6.pfb></usr/share/texmf/fonts/type1/public/lm/l
msy7.pfb></usr/share/texmf/fonts/type1/public/lm/lmsy8.pfb></usr/share/texmf/fo
nts/type1/public/lm/lmtko10.pfb></usr/share/texmf/fonts/type1/public/lm/lmtt10.
pfb></usr/share/texmf/fonts/type1/public/lm/lmtt8.pfb></usr/share/texmf/fonts/t
ype1/public/lm/lmtt9.pfb></usr/share/texmf/fonts/type1/public/lm/lmtto10.pfb></
usr/share/texlive/texmf-dist/fonts/type1/public/amsfonts/symbols/msbm10.pfb>
Output written on Thesis.pdf (60 pages, 19062208 bytes).
PDF statistics:
 1070 PDF objects out of 1200 (max. 8388607)
 870 compressed objects within 9 object streams
 302 named destinations out of 1000 (max. 500000)
 433 words of extra memory for PDF output out of 10000 (max. 10000000)
